[2022-03-18 16:52:43] local.ERROR: SQLSTATE[HY000] [1045] Access denied for user 'root'@'127.0.0.1' (using password: NO) (SQL: select * from `categories` where (select count(*) from `articles` where `categories`.`id` = `articles`.`category_id` and `articles`.`deleted_at` is null) > 0 limit 8) {"exception":"[object] (Illuminate\\Database\\QueryException(code: 1045): SQLSTATE[HY000] [1045] Access denied for user 'root'@'127.0.0.1' (using password: NO) (SQL: select * from `categories` where (select count(*) from `articles` where `categories`.`id` = `articles`.`category_id` and `articles`.`deleted_at` is null) > 0 limit 8) at /home/u142441459/domains/landrada.mx/public_html/bloglandrada/vendor/laravel/framework/src/Illuminate/Database/Connection.php:712)
[stacktrace]
#0 /home/u142441459/domains/landrada.mx/public_html/bloglandrada/vendor/laravel/framework/src/Illuminate/Database/Connection.php(672): Illuminate\\Database\\Connection->runQueryCallback()
#1 /home/u142441459/domains/landrada.mx/public_html/bloglandrada/vendor/laravel/framework/src/Illuminate/Database/Connection.php(376): Illuminate\\Database\\Connection->run()
#2 /home/u142441459/domains/landrada.mx/public_html/bloglandrada/vendor/laravel/framework/src/Illuminate/Database/Query/Builder.php(2414): Illuminate\\Database\\Connection->select()
#3 /home/u142441459/domains/landrada.mx/public_html/bloglandrada/vendor/laravel/framework/src/Illuminate/Database/Query/Builder.php(2402): Illuminate\\Database\\Query\\Builder->runSelect()
#4 /home/u142441459/domains/landrada.mx/public_html/bloglandrada/vendor/laravel/framework/src/Illuminate/Database/Query/Builder.php(2936): Illuminate\\Database\\Query\\Builder->Illuminate\\Database\\Query\\{closure}()
#5 /home/u142441459/domains/landrada.mx/public_html/bloglandrada/vendor/laravel/framework/src/Illuminate/Database/Query/Builder.php(2403): Illuminate\\Database\\Query\\Builder->onceWithColumns()
#6 /home/u142441459/domains/landrada.mx/public_html/bloglandrada/vendor/laravel/framework/src/Illuminate/Database/Eloquent/Builder.php(625): Illuminate\\Database\\Query\\Builder->get()
#7 /home/u142441459/domains/landrada.mx/public_html/bloglandrada/vendor/laravel/framework/src/Illuminate/Database/Eloquent/Builder.php(609): Illuminate\\Database\\Eloquent\\Builder->getModels()
#8 /home/u142441459/domains/landrada.mx/public_html/bloglandrada/app/Http/Controllers/Blog/BlogController.php(14): Illuminate\\Database\\Eloquent\\Builder->get()
#9 [internal function]: App\\Http\\Controllers\\Blog\\BlogController->__construct()
#10 /home/u142441459/domains/landrada.mx/public_html/bloglandrada/vendor/laravel/framework/src/Illuminate/Container/Container.php(917): ReflectionClass->newInstanceArgs()
#11 /home/u142441459/domains/landrada.mx/public_html/bloglandrada/vendor/laravel/framework/src/Illuminate/Container/Container.php(758): Illuminate\\Container\\Container->build()
#12 /home/u142441459/domains/landrada.mx/public_html/bloglandrada/vendor/laravel/framework/src/Illuminate/Foundation/Application.php(851): Illuminate\\Container\\Container->resolve()
#13 /home/u142441459/domains/landrada.mx/public_html/bloglandrada/vendor/laravel/framework/src/Illuminate/Container/Container.php(694): Illuminate\\Foundation\\Application->resolve()
#14 /home/u142441459/domains/landrada.mx/public_html/bloglandrada/vendor/laravel/framework/src/Illuminate/Foundation/Application.php(836): Illuminate\\Container\\Container->make()
#15 /home/u142441459/domains/landrada.mx/public_html/bloglandrada/vendor/laravel/framework/src/Illuminate/Routing/Route.php(276): Illuminate\\Foundation\\Application->make()
#16 /home/u142441459/domains/landrada.mx/public_html/bloglandrada/vendor/laravel/framework/src/Illuminate/Routing/Route.php(1069): Illuminate\\Routing\\Route->getController()
#17 /home/u142441459/domains/landrada.mx/public_html/bloglandrada/vendor/laravel/framework/src/Illuminate/Routing/Route.php(1012): Illuminate\\Routing\\Route->controllerMiddleware()
#18 /home/u142441459/domains/landrada.mx/public_html/bloglandrada/vendor/laravel/framework/src/Illuminate/Routing/Router.php(734): Illuminate\\Routing\\Route->gatherMiddleware()
#19 /home/u142441459/domains/landrada.mx/public_html/bloglandrada/vendor/laravel/framework/src/Illuminate/Routing/Router.php(714): Illuminate\\Routing\\Router->gatherRouteMiddleware()
#20 /home/u142441459/domains/landrada.mx/public_html/bloglandrada/vendor/laravel/framework/src/Illuminate/Routing/Router.php(698): Illuminate\\Routing\\Router->runRouteWithinStack()
#21 /home/u142441459/domains/landrada.mx/public_html/bloglandrada/vendor/laravel/framework/src/Illuminate/Routing/Router.php(662): Illuminate\\Routing\\Router->runRoute()
#22 /home/u142441459/domains/landrada.mx/public_html/bloglandrada/vendor/laravel/framework/src/Illuminate/Routing/Router.php(651): Illuminate\\Routing\\Router->dispatchToRoute()
#23 /home/u142441459/domains/landrada.mx/public_html/bloglandrada/vendor/laravel/framework/src/Illuminate/Foundation/Http/Kernel.php(167): Illuminate\\Routing\\Router->dispatch()
#24 /home/u142441459/domains/landrada.mx/public_html/bloglandrada/vendor/laravel/framework/src/Illuminate/Pipeline/Pipeline.php(128): Illuminate\\Foundation\\Http\\Kernel->Illuminate\\Foundation\\Http\\{closure}()
#25 /home/u142441459/domains/landrada.mx/public_html/bloglandrada/vendor/fideloper/proxy/src/TrustProxies.php(57): Illuminate\\Pipeline\\Pipeline->Illuminate\\Pipeline\\{closure}()
#26 /home/u142441459/domains/landrada.mx/public_html/bloglandrada/vendor/laravel/framework/src/Illuminate/Pipeline/Pipeline.php(167): Fideloper\\Proxy\\TrustProxies->handle()
#27 /home/u142441459/domains/landrada.mx/public_html/bloglandrada/vendor/laravel/framework/src/Illuminate/Foundation/Http/Middleware/TransformsRequest.php(21): Illuminate\\Pipeline\\Pipeline->Illuminate\\Pipeline\\{closure}()
#28 /home/u142441459/domains/landrada.mx/public_html/bloglandrada/vendor/laravel/framework/src/Illuminate/Foundation/Http/Middleware/ConvertEmptyStringsToNull.php(31): Illuminate\\Foundation\\Http\\Middleware\\TransformsRequest->handle()
#29 /home/u142441459/domains/landrada.mx/public_html/bloglandrada/vendor/laravel/framework/src/Illuminate/Pipeline/Pipeline.php(167): Illuminate\\Foundation\\Http\\Middleware\\ConvertEmptyStringsToNull->handle()
#30 /home/u142441459/domains/landrada.mx/public_html/bloglandrada/vendor/laravel/framework/src/Illuminate/Foundation/Http/Middleware/TransformsRequest.php(21): Illuminate\\Pipeline\\Pipeline->Illuminate\\Pipeline\\{closure}()
#31 /home/u142441459/domains/landrada.mx/public_html/bloglandrada/vendor/laravel/framework/src/Illuminate/Foundation/Http/Middleware/TrimStrings.php(40): Illuminate\\Foundation\\Http\\Middleware\\TransformsRequest->handle()
#32 /home/u142441459/domains/landrada.mx/public_html/bloglandrada/vendor/laravel/framework/src/Illuminate/Pipeline/Pipeline.php(167): Illuminate\\Foundation\\Http\\Middleware\\TrimStrings->handle()
#33 /home/u142441459/domains/landrada.mx/public_html/bloglandrada/vendor/laravel/framework/src/Illuminate/Foundation/Http/Middleware/ValidatePostSize.php(27): Illuminate\\Pipeline\\Pipeline->Illuminate\\Pipeline\\{closure}()
#34 /home/u142441459/domains/landrada.mx/public_html/bloglandrada/vendor/laravel/framework/src/Illuminate/Pipeline/Pipeline.php(167): Illuminate\\Foundation\\Http\\Middleware\\ValidatePostSize->handle()
#35 /home/u142441459/domains/landrada.mx/public_html/bloglandrada/vendor/laravel/framework/src/Illuminate/Foundation/Http/Middleware/PreventRequestsDuringMaintenance.php(86): Illuminate\\Pipeline\\Pipeline->Illuminate\\Pipeline\\{closure}()
#36 /home/u142441459/domains/landrada.mx/public_html/bloglandrada/vendor/laravel/framework/src/Illuminate/Pipeline/Pipeline.php(167): Illuminate\\Foundation\\Http\\Middleware\\PreventRequestsDuringMaintenance->handle()
#37 /home/u142441459/domains/landrada.mx/public_html/bloglandrada/vendor/laravel/framework/src/Illuminate/Pipeline/Pipeline.php(103): Illuminate\\Pipeline\\Pipeline->Illuminate\\Pipeline\\{closure}()
#38 /home/u142441459/domains/landrada.mx/public_html/bloglandrada/vendor/laravel/framework/src/Illuminate/Foundation/Http/Kernel.php(142): Illuminate\\Pipeline\\Pipeline->then()
#39 /home/u142441459/domains/landrada.mx/public_html/bloglandrada/vendor/laravel/framework/src/Illuminate/Foundation/Http/Kernel.php(111): Illuminate\\Foundation\\Http\\Kernel->sendRequestThroughRouter()
#40 /home/u142441459/domains/landrada.mx/public_html/bloglandrada/public/index.php(55): Illuminate\\Foundation\\Http\\Kernel->handle()
#41 {main}

[previous exception] [object] (PDOException(code: 1045): SQLSTATE[HY000] [1045] Access denied for user 'root'@'127.0.0.1' (using password: NO) at /home/u142441459/domains/landrada.mx/public_html/bloglandrada/vendor/laravel/framework/src/Illuminate/Database/Connectors/Connector.php:70)
[stacktrace]
#0 /home/u142441459/domains/landrada.mx/public_html/bloglandrada/vendor/laravel/framework/src/Illuminate/Database/Connectors/Connector.php(70): PDO->__construct()
#1 /home/u142441459/domains/landrada.mx/public_html/bloglandrada/vendor/laravel/framework/src/Illuminate/Database/Connectors/Connector.php(46): Illuminate\\Database\\Connectors\\Connector->createPdoConnection()
#2 /home/u142441459/domains/landrada.mx/public_html/bloglandrada/vendor/laravel/framework/src/Illuminate/Database/Connectors/MySqlConnector.php(24): Illuminate\\Database\\Connectors\\Connector->createConnection()
#3 /home/u142441459/domains/landrada.mx/public_html/bloglandrada/vendor/laravel/framework/src/Illuminate/Database/Connectors/ConnectionFactory.php(184): Illuminate\\Database\\Connectors\\MySqlConnector->connect()
#4 [internal function]: Illuminate\\Database\\Connectors\\ConnectionFactory->Illuminate\\Database\\Connectors\\{closure}()
#5 /home/u142441459/domains/landrada.mx/public_html/bloglandrada/vendor/laravel/framework/src/Illuminate/Database/Connection.php(1062): call_user_func()
#6 /home/u142441459/domains/landrada.mx/public_html/bloglandrada/vendor/laravel/framework/src/Illuminate/Database/Connection.php(1098): Illuminate\\Database\\Connection->getPdo()
#7 /home/u142441459/domains/landrada.mx/public_html/bloglandrada/vendor/laravel/framework/src/Illuminate/Database/Connection.php(442): Illuminate\\Database\\Connection->getReadPdo()
#8 /home/u142441459/domains/landrada.mx/public_html/bloglandrada/vendor/laravel/framework/src/Illuminate/Database/Connection.php(368): Illuminate\\Database\\Connection->getPdoForSelect()
#9 /home/u142441459/domains/landrada.mx/public_html/bloglandrada/vendor/laravel/framework/src/Illuminate/Database/Connection.php(705): Illuminate\\Database\\Connection->Illuminate\\Database\\{closure}()
#10 /home/u142441459/domains/landrada.mx/public_html/bloglandrada/vendor/laravel/framework/src/Illuminate/Database/Connection.php(672): Illuminate\\Database\\Connection->runQueryCallback()
#11 /home/u142441459/domains/landrada.mx/public_html/bloglandrada/vendor/laravel/framework/src/Illuminate/Database/Connection.php(376): Illuminate\\Database\\Connection->run()
#12 /home/u142441459/domains/landrada.mx/public_html/bloglandrada/vendor/laravel/framework/src/Illuminate/Database/Query/Builder.php(2414): Illuminate\\Database\\Connection->select()
#13 /home/u142441459/domains/landrada.mx/public_html/bloglandrada/vendor/laravel/framework/src/Illuminate/Database/Query/Builder.php(2402): Illuminate\\Database\\Query\\Builder->runSelect()
#14 /home/u142441459/domains/landrada.mx/public_html/bloglandrada/vendor/laravel/framework/src/Illuminate/Database/Query/Builder.php(2936): Illuminate\\Database\\Query\\Builder->Illuminate\\Database\\Query\\{closure}()
#15 /home/u142441459/domains/landrada.mx/public_html/bloglandrada/vendor/laravel/framework/src/Illuminate/Database/Query/Builder.php(2403): Illuminate\\Database\\Query\\Builder->onceWithColumns()
#16 /home/u142441459/domains/landrada.mx/public_html/bloglandrada/vendor/laravel/framework/src/Illuminate/Database/Eloquent/Builder.php(625): Illuminate\\Database\\Query\\Builder->get()
#17 /home/u142441459/domains/landrada.mx/public_html/bloglandrada/vendor/laravel/framework/src/Illuminate/Database/Eloquent/Builder.php(609): Illuminate\\Database\\Eloquent\\Builder->getModels()
#18 /home/u142441459/domains/landrada.mx/public_html/bloglandrada/app/Http/Controllers/Blog/BlogController.php(14): Illuminate\\Database\\Eloquent\\Builder->get()
#19 [internal function]: App\\Http\\Controllers\\Blog\\BlogController->__construct()
#20 /home/u142441459/domains/landrada.mx/public_html/bloglandrada/vendor/laravel/framework/src/Illuminate/Container/Container.php(917): ReflectionClass->newInstanceArgs()
#21 /home/u142441459/domains/landrada.mx/public_html/bloglandrada/vendor/laravel/framework/src/Illuminate/Container/Container.php(758): Illuminate\\Container\\Container->build()
#22 /home/u142441459/domains/landrada.mx/public_html/bloglandrada/vendor/laravel/framework/src/Illuminate/Foundation/Application.php(851): Illuminate\\Container\\Container->resolve()
#23 /home/u142441459/domains/landrada.mx/public_html/bloglandrada/vendor/laravel/framework/src/Illuminate/Container/Container.php(694): Illuminate\\Foundation\\Application->resolve()
#24 /home/u142441459/domains/landrada.mx/public_html/bloglandrada/vendor/laravel/framework/src/Illuminate/Foundation/Application.php(836): Illuminate\\Container\\Container->make()
#25 /home/u142441459/domains/landrada.mx/public_html/bloglandrada/vendor/laravel/framework/src/Illuminate/Routing/Route.php(276): Illuminate\\Foundation\\Application->make()
#26 /home/u142441459/domains/landrada.mx/public_html/bloglandrada/vendor/laravel/framework/src/Illuminate/Routing/Route.php(1069): Illuminate\\Routing\\Route->getController()
#27 /home/u142441459/domains/landrada.mx/public_html/bloglandrada/vendor/laravel/framework/src/Illuminate/Routing/Route.php(1012): Illuminate\\Routing\\Route->controllerMiddleware()
#28 /home/u142441459/domains/landrada.mx/public_html/bloglandrada/vendor/laravel/framework/src/Illuminate/Routing/Router.php(734): Illuminate\\Routing\\Route->gatherMiddleware()
#29 /home/u142441459/domains/landrada.mx/public_html/bloglandrada/vendor/laravel/framework/src/Illuminate/Routing/Router.php(714): Illuminate\\Routing\\Router->gatherRouteMiddleware()
#30 /home/u142441459/domains/landrada.mx/public_html/bloglandrada/vendor/laravel/framework/src/Illuminate/Routing/Router.php(698): Illuminate\\Routing\\Router->runRouteWithinStack()
#31 /home/u142441459/domains/landrada.mx/public_html/bloglandrada/vendor/laravel/framework/src/Illuminate/Routing/Router.php(662): Illuminate\\Routing\\Router->runRoute()
#32 /home/u142441459/domains/landrada.mx/public_html/bloglandrada/vendor/laravel/framework/src/Illuminate/Routing/Router.php(651): Illuminate\\Routing\\Router->dispatchToRoute()
#33 /home/u142441459/domains/landrada.mx/public_html/bloglandrada/vendor/laravel/framework/src/Illuminate/Foundation/Http/Kernel.php(167): Illuminate\\Routing\\Router->dispatch()
#34 /home/u142441459/domains/landrada.mx/public_html/bloglandrada/vendor/laravel/framework/src/Illuminate/Pipeline/Pipeline.php(128): Illuminate\\Foundation\\Http\\Kernel->Illuminate\\Foundation\\Http\\{closure}()
#35 /home/u142441459/domains/landrada.mx/public_html/bloglandrada/vendor/fideloper/proxy/src/TrustProxies.php(57): Illuminate\\Pipeline\\Pipeline->Illuminate\\Pipeline\\{closure}()
#36 /home/u142441459/domains/landrada.mx/public_html/bloglandrada/vendor/laravel/framework/src/Illuminate/Pipeline/Pipeline.php(167): Fideloper\\Proxy\\TrustProxies->handle()
#37 /home/u142441459/domains/landrada.mx/public_html/bloglandrada/vendor/laravel/framework/src/Illuminate/Foundation/Http/Middleware/TransformsRequest.php(21): Illuminate\\Pipeline\\Pipeline->Illuminate\\Pipeline\\{closure}()
#38 /home/u142441459/domains/landrada.mx/public_html/bloglandrada/vendor/laravel/framework/src/Illuminate/Foundation/Http/Middleware/ConvertEmptyStringsToNull.php(31): Illuminate\\Foundation\\Http\\Middleware\\TransformsRequest->handle()
#39 /home/u142441459/domains/landrada.mx/public_html/bloglandrada/vendor/laravel/framework/src/Illuminate/Pipeline/Pipeline.php(167): Illuminate\\Foundation\\Http\\Middleware\\ConvertEmptyStringsToNull->handle()
#40 /home/u142441459/domains/landrada.mx/public_html/bloglandrada/vendor/laravel/framework/src/Illuminate/Foundation/Http/Middleware/TransformsRequest.php(21): Illuminate\\Pipeline\\Pipeline->Illuminate\\Pipeline\\{closure}()
#41 /home/u142441459/domains/landrada.mx/public_html/bloglandrada/vendor/laravel/framework/src/Illuminate/Foundation/Http/Middleware/TrimStrings.php(40): Illuminate\\Foundation\\Http\\Middleware\\TransformsRequest->handle()
#42 /home/u142441459/domains/landrada.mx/public_html/bloglandrada/vendor/laravel/framework/src/Illuminate/Pipeline/Pipeline.php(167): Illuminate\\Foundation\\Http\\Middleware\\TrimStrings->handle()
#43 /home/u142441459/domains/landrada.mx/public_html/bloglandrada/vendor/laravel/framework/src/Illuminate/Foundation/Http/Middleware/ValidatePostSize.php(27): Illuminate\\Pipeline\\Pipeline->Illuminate\\Pipeline\\{closure}()
#44 /home/u142441459/domains/landrada.mx/public_html/bloglandrada/vendor/laravel/framework/src/Illuminate/Pipeline/Pipeline.php(167): Illuminate\\Foundation\\Http\\Middleware\\ValidatePostSize->handle()
#45 /home/u142441459/domains/landrada.mx/public_html/bloglandrada/vendor/laravel/framework/src/Illuminate/Foundation/Http/Middleware/PreventRequestsDuringMaintenance.php(86): Illuminate\\Pipeline\\Pipeline->Illuminate\\Pipeline\\{closure}()
#46 /home/u142441459/domains/landrada.mx/public_html/bloglandrada/vendor/laravel/framework/src/Illuminate/Pipeline/Pipeline.php(167): Illuminate\\Foundation\\Http\\Middleware\\PreventRequestsDuringMaintenance->handle()
#47 /home/u142441459/domains/landrada.mx/public_html/bloglandrada/vendor/laravel/framework/src/Illuminate/Pipeline/Pipeline.php(103): Illuminate\\Pipeline\\Pipeline->Illuminate\\Pipeline\\{closure}()
#48 /home/u142441459/domains/landrada.mx/public_html/bloglandrada/vendor/laravel/framework/src/Illuminate/Foundation/Http/Kernel.php(142): Illuminate\\Pipeline\\Pipeline->then()
#49 /home/u142441459/domains/landrada.mx/public_html/bloglandrada/vendor/laravel/framework/src/Illuminate/Foundation/Http/Kernel.php(111): Illuminate\\Foundation\\Http\\Kernel->sendRequestThroughRouter()
#50 /home/u142441459/domains/landrada.mx/public_html/bloglandrada/public/index.php(55): Illuminate\\Foundation\\Http\\Kernel->handle()
#51 {main}
"} 
[2022-03-18 16:55:42] local.ERROR: SQLSTATE[HY000] [1045] Access denied for user 'root'@'127.0.0.1' (using password: NO) (SQL: select * from `categories` where (select count(*) from `articles` where `categories`.`id` = `articles`.`category_id` and `articles`.`deleted_at` is null) > 0 limit 8) {"exception":"[object] (Illuminate\\Database\\QueryException(code: 1045): SQLSTATE[HY000] [1045] Access denied for user 'root'@'127.0.0.1' (using password: NO) (SQL: select * from `categories` where (select count(*) from `articles` where `categories`.`id` = `articles`.`category_id` and `articles`.`deleted_at` is null) > 0 limit 8) at /home/u142441459/domains/landrada.mx/public_html/bloglandrada/vendor/laravel/framework/src/Illuminate/Database/Connection.php:712)
[stacktrace]
#0 /home/u142441459/domains/landrada.mx/public_html/bloglandrada/vendor/laravel/framework/src/Illuminate/Database/Connection.php(672): Illuminate\\Database\\Connection->runQueryCallback()
#1 /home/u142441459/domains/landrada.mx/public_html/bloglandrada/vendor/laravel/framework/src/Illuminate/Database/Connection.php(376): Illuminate\\Database\\Connection->run()
#2 /home/u142441459/domains/landrada.mx/public_html/bloglandrada/vendor/laravel/framework/src/Illuminate/Database/Query/Builder.php(2414): Illuminate\\Database\\Connection->select()
#3 /home/u142441459/domains/landrada.mx/public_html/bloglandrada/vendor/laravel/framework/src/Illuminate/Database/Query/Builder.php(2402): Illuminate\\Database\\Query\\Builder->runSelect()
#4 /home/u142441459/domains/landrada.mx/public_html/bloglandrada/vendor/laravel/framework/src/Illuminate/Database/Query/Builder.php(2936): Illuminate\\Database\\Query\\Builder->Illuminate\\Database\\Query\\{closure}()
#5 /home/u142441459/domains/landrada.mx/public_html/bloglandrada/vendor/laravel/framework/src/Illuminate/Database/Query/Builder.php(2403): Illuminate\\Database\\Query\\Builder->onceWithColumns()
#6 /home/u142441459/domains/landrada.mx/public_html/bloglandrada/vendor/laravel/framework/src/Illuminate/Database/Eloquent/Builder.php(625): Illuminate\\Database\\Query\\Builder->get()
#7 /home/u142441459/domains/landrada.mx/public_html/bloglandrada/vendor/laravel/framework/src/Illuminate/Database/Eloquent/Builder.php(609): Illuminate\\Database\\Eloquent\\Builder->getModels()
#8 /home/u142441459/domains/landrada.mx/public_html/bloglandrada/app/Http/Controllers/Blog/BlogController.php(14): Illuminate\\Database\\Eloquent\\Builder->get()
#9 [internal function]: App\\Http\\Controllers\\Blog\\BlogController->__construct()
#10 /home/u142441459/domains/landrada.mx/public_html/bloglandrada/vendor/laravel/framework/src/Illuminate/Container/Container.php(917): ReflectionClass->newInstanceArgs()
#11 /home/u142441459/domains/landrada.mx/public_html/bloglandrada/vendor/laravel/framework/src/Illuminate/Container/Container.php(758): Illuminate\\Container\\Container->build()
#12 /home/u142441459/domains/landrada.mx/public_html/bloglandrada/vendor/laravel/framework/src/Illuminate/Foundation/Application.php(851): Illuminate\\Container\\Container->resolve()
#13 /home/u142441459/domains/landrada.mx/public_html/bloglandrada/vendor/laravel/framework/src/Illuminate/Container/Container.php(694): Illuminate\\Foundation\\Application->resolve()
#14 /home/u142441459/domains/landrada.mx/public_html/bloglandrada/vendor/laravel/framework/src/Illuminate/Foundation/Application.php(836): Illuminate\\Container\\Container->make()
#15 /home/u142441459/domains/landrada.mx/public_html/bloglandrada/vendor/laravel/framework/src/Illuminate/Routing/Route.php(276): Illuminate\\Foundation\\Application->make()
#16 /home/u142441459/domains/landrada.mx/public_html/bloglandrada/vendor/laravel/framework/src/Illuminate/Routing/Route.php(1069): Illuminate\\Routing\\Route->getController()
#17 /home/u142441459/domains/landrada.mx/public_html/bloglandrada/vendor/laravel/framework/src/Illuminate/Routing/Route.php(1012): Illuminate\\Routing\\Route->controllerMiddleware()
#18 /home/u142441459/domains/landrada.mx/public_html/bloglandrada/vendor/laravel/framework/src/Illuminate/Routing/Router.php(734): Illuminate\\Routing\\Route->gatherMiddleware()
#19 /home/u142441459/domains/landrada.mx/public_html/bloglandrada/vendor/laravel/framework/src/Illuminate/Routing/Router.php(714): Illuminate\\Routing\\Router->gatherRouteMiddleware()
#20 /home/u142441459/domains/landrada.mx/public_html/bloglandrada/vendor/laravel/framework/src/Illuminate/Routing/Router.php(698): Illuminate\\Routing\\Router->runRouteWithinStack()
#21 /home/u142441459/domains/landrada.mx/public_html/bloglandrada/vendor/laravel/framework/src/Illuminate/Routing/Router.php(662): Illuminate\\Routing\\Router->runRoute()
#22 /home/u142441459/domains/landrada.mx/public_html/bloglandrada/vendor/laravel/framework/src/Illuminate/Routing/Router.php(651): Illuminate\\Routing\\Router->dispatchToRoute()
#23 /home/u142441459/domains/landrada.mx/public_html/bloglandrada/vendor/laravel/framework/src/Illuminate/Foundation/Http/Kernel.php(167): Illuminate\\Routing\\Router->dispatch()
#24 /home/u142441459/domains/landrada.mx/public_html/bloglandrada/vendor/laravel/framework/src/Illuminate/Pipeline/Pipeline.php(128): Illuminate\\Foundation\\Http\\Kernel->Illuminate\\Foundation\\Http\\{closure}()
#25 /home/u142441459/domains/landrada.mx/public_html/bloglandrada/vendor/fideloper/proxy/src/TrustProxies.php(57): Illuminate\\Pipeline\\Pipeline->Illuminate\\Pipeline\\{closure}()
#26 /home/u142441459/domains/landrada.mx/public_html/bloglandrada/vendor/laravel/framework/src/Illuminate/Pipeline/Pipeline.php(167): Fideloper\\Proxy\\TrustProxies->handle()
#27 /home/u142441459/domains/landrada.mx/public_html/bloglandrada/vendor/laravel/framework/src/Illuminate/Foundation/Http/Middleware/TransformsRequest.php(21): Illuminate\\Pipeline\\Pipeline->Illuminate\\Pipeline\\{closure}()
#28 /home/u142441459/domains/landrada.mx/public_html/bloglandrada/vendor/laravel/framework/src/Illuminate/Foundation/Http/Middleware/ConvertEmptyStringsToNull.php(31): Illuminate\\Foundation\\Http\\Middleware\\TransformsRequest->handle()
#29 /home/u142441459/domains/landrada.mx/public_html/bloglandrada/vendor/laravel/framework/src/Illuminate/Pipeline/Pipeline.php(167): Illuminate\\Foundation\\Http\\Middleware\\ConvertEmptyStringsToNull->handle()
#30 /home/u142441459/domains/landrada.mx/public_html/bloglandrada/vendor/laravel/framework/src/Illuminate/Foundation/Http/Middleware/TransformsRequest.php(21): Illuminate\\Pipeline\\Pipeline->Illuminate\\Pipeline\\{closure}()
#31 /home/u142441459/domains/landrada.mx/public_html/bloglandrada/vendor/laravel/framework/src/Illuminate/Foundation/Http/Middleware/TrimStrings.php(40): Illuminate\\Foundation\\Http\\Middleware\\TransformsRequest->handle()
#32 /home/u142441459/domains/landrada.mx/public_html/bloglandrada/vendor/laravel/framework/src/Illuminate/Pipeline/Pipeline.php(167): Illuminate\\Foundation\\Http\\Middleware\\TrimStrings->handle()
#33 /home/u142441459/domains/landrada.mx/public_html/bloglandrada/vendor/laravel/framework/src/Illuminate/Foundation/Http/Middleware/ValidatePostSize.php(27): Illuminate\\Pipeline\\Pipeline->Illuminate\\Pipeline\\{closure}()
#34 /home/u142441459/domains/landrada.mx/public_html/bloglandrada/vendor/laravel/framework/src/Illuminate/Pipeline/Pipeline.php(167): Illuminate\\Foundation\\Http\\Middleware\\ValidatePostSize->handle()
#35 /home/u142441459/domains/landrada.mx/public_html/bloglandrada/vendor/laravel/framework/src/Illuminate/Foundation/Http/Middleware/PreventRequestsDuringMaintenance.php(86): Illuminate\\Pipeline\\Pipeline->Illuminate\\Pipeline\\{closure}()
#36 /home/u142441459/domains/landrada.mx/public_html/bloglandrada/vendor/laravel/framework/src/Illuminate/Pipeline/Pipeline.php(167): Illuminate\\Foundation\\Http\\Middleware\\PreventRequestsDuringMaintenance->handle()
#37 /home/u142441459/domains/landrada.mx/public_html/bloglandrada/vendor/laravel/framework/src/Illuminate/Pipeline/Pipeline.php(103): Illuminate\\Pipeline\\Pipeline->Illuminate\\Pipeline\\{closure}()
#38 /home/u142441459/domains/landrada.mx/public_html/bloglandrada/vendor/laravel/framework/src/Illuminate/Foundation/Http/Kernel.php(142): Illuminate\\Pipeline\\Pipeline->then()
#39 /home/u142441459/domains/landrada.mx/public_html/bloglandrada/vendor/laravel/framework/src/Illuminate/Foundation/Http/Kernel.php(111): Illuminate\\Foundation\\Http\\Kernel->sendRequestThroughRouter()
#40 /home/u142441459/domains/landrada.mx/public_html/bloglandrada/public/index.php(55): Illuminate\\Foundation\\Http\\Kernel->handle()
#41 {main}

[previous exception] [object] (PDOException(code: 1045): SQLSTATE[HY000] [1045] Access denied for user 'root'@'127.0.0.1' (using password: NO) at /home/u142441459/domains/landrada.mx/public_html/bloglandrada/vendor/laravel/framework/src/Illuminate/Database/Connectors/Connector.php:70)
[stacktrace]
#0 /home/u142441459/domains/landrada.mx/public_html/bloglandrada/vendor/laravel/framework/src/Illuminate/Database/Connectors/Connector.php(70): PDO->__construct()
#1 /home/u142441459/domains/landrada.mx/public_html/bloglandrada/vendor/laravel/framework/src/Illuminate/Database/Connectors/Connector.php(46): Illuminate\\Database\\Connectors\\Connector->createPdoConnection()
#2 /home/u142441459/domains/landrada.mx/public_html/bloglandrada/vendor/laravel/framework/src/Illuminate/Database/Connectors/MySqlConnector.php(24): Illuminate\\Database\\Connectors\\Connector->createConnection()
#3 /home/u142441459/domains/landrada.mx/public_html/bloglandrada/vendor/laravel/framework/src/Illuminate/Database/Connectors/ConnectionFactory.php(184): Illuminate\\Database\\Connectors\\MySqlConnector->connect()
#4 [internal function]: Illuminate\\Database\\Connectors\\ConnectionFactory->Illuminate\\Database\\Connectors\\{closure}()
#5 /home/u142441459/domains/landrada.mx/public_html/bloglandrada/vendor/laravel/framework/src/Illuminate/Database/Connection.php(1062): call_user_func()
#6 /home/u142441459/domains/landrada.mx/public_html/bloglandrada/vendor/laravel/framework/src/Illuminate/Database/Connection.php(1098): Illuminate\\Database\\Connection->getPdo()
#7 /home/u142441459/domains/landrada.mx/public_html/bloglandrada/vendor/laravel/framework/src/Illuminate/Database/Connection.php(442): Illuminate\\Database\\Connection->getReadPdo()
#8 /home/u142441459/domains/landrada.mx/public_html/bloglandrada/vendor/laravel/framework/src/Illuminate/Database/Connection.php(368): Illuminate\\Database\\Connection->getPdoForSelect()
#9 /home/u142441459/domains/landrada.mx/public_html/bloglandrada/vendor/laravel/framework/src/Illuminate/Database/Connection.php(705): Illuminate\\Database\\Connection->Illuminate\\Database\\{closure}()
#10 /home/u142441459/domains/landrada.mx/public_html/bloglandrada/vendor/laravel/framework/src/Illuminate/Database/Connection.php(672): Illuminate\\Database\\Connection->runQueryCallback()
#11 /home/u142441459/domains/landrada.mx/public_html/bloglandrada/vendor/laravel/framework/src/Illuminate/Database/Connection.php(376): Illuminate\\Database\\Connection->run()
#12 /home/u142441459/domains/landrada.mx/public_html/bloglandrada/vendor/laravel/framework/src/Illuminate/Database/Query/Builder.php(2414): Illuminate\\Database\\Connection->select()
#13 /home/u142441459/domains/landrada.mx/public_html/bloglandrada/vendor/laravel/framework/src/Illuminate/Database/Query/Builder.php(2402): Illuminate\\Database\\Query\\Builder->runSelect()
#14 /home/u142441459/domains/landrada.mx/public_html/bloglandrada/vendor/laravel/framework/src/Illuminate/Database/Query/Builder.php(2936): Illuminate\\Database\\Query\\Builder->Illuminate\\Database\\Query\\{closure}()
#15 /home/u142441459/domains/landrada.mx/public_html/bloglandrada/vendor/laravel/framework/src/Illuminate/Database/Query/Builder.php(2403): Illuminate\\Database\\Query\\Builder->onceWithColumns()
#16 /home/u142441459/domains/landrada.mx/public_html/bloglandrada/vendor/laravel/framework/src/Illuminate/Database/Eloquent/Builder.php(625): Illuminate\\Database\\Query\\Builder->get()
#17 /home/u142441459/domains/landrada.mx/public_html/bloglandrada/vendor/laravel/framework/src/Illuminate/Database/Eloquent/Builder.php(609): Illuminate\\Database\\Eloquent\\Builder->getModels()
#18 /home/u142441459/domains/landrada.mx/public_html/bloglandrada/app/Http/Controllers/Blog/BlogController.php(14): Illuminate\\Database\\Eloquent\\Builder->get()
#19 [internal function]: App\\Http\\Controllers\\Blog\\BlogController->__construct()
#20 /home/u142441459/domains/landrada.mx/public_html/bloglandrada/vendor/laravel/framework/src/Illuminate/Container/Container.php(917): ReflectionClass->newInstanceArgs()
#21 /home/u142441459/domains/landrada.mx/public_html/bloglandrada/vendor/laravel/framework/src/Illuminate/Container/Container.php(758): Illuminate\\Container\\Container->build()
#22 /home/u142441459/domains/landrada.mx/public_html/bloglandrada/vendor/laravel/framework/src/Illuminate/Foundation/Application.php(851): Illuminate\\Container\\Container->resolve()
#23 /home/u142441459/domains/landrada.mx/public_html/bloglandrada/vendor/laravel/framework/src/Illuminate/Container/Container.php(694): Illuminate\\Foundation\\Application->resolve()
#24 /home/u142441459/domains/landrada.mx/public_html/bloglandrada/vendor/laravel/framework/src/Illuminate/Foundation/Application.php(836): Illuminate\\Container\\Container->make()
#25 /home/u142441459/domains/landrada.mx/public_html/bloglandrada/vendor/laravel/framework/src/Illuminate/Routing/Route.php(276): Illuminate\\Foundation\\Application->make()
#26 /home/u142441459/domains/landrada.mx/public_html/bloglandrada/vendor/laravel/framework/src/Illuminate/Routing/Route.php(1069): Illuminate\\Routing\\Route->getController()
#27 /home/u142441459/domains/landrada.mx/public_html/bloglandrada/vendor/laravel/framework/src/Illuminate/Routing/Route.php(1012): Illuminate\\Routing\\Route->controllerMiddleware()
#28 /home/u142441459/domains/landrada.mx/public_html/bloglandrada/vendor/laravel/framework/src/Illuminate/Routing/Router.php(734): Illuminate\\Routing\\Route->gatherMiddleware()
#29 /home/u142441459/domains/landrada.mx/public_html/bloglandrada/vendor/laravel/framework/src/Illuminate/Routing/Router.php(714): Illuminate\\Routing\\Router->gatherRouteMiddleware()
#30 /home/u142441459/domains/landrada.mx/public_html/bloglandrada/vendor/laravel/framework/src/Illuminate/Routing/Router.php(698): Illuminate\\Routing\\Router->runRouteWithinStack()
#31 /home/u142441459/domains/landrada.mx/public_html/bloglandrada/vendor/laravel/framework/src/Illuminate/Routing/Router.php(662): Illuminate\\Routing\\Router->runRoute()
#32 /home/u142441459/domains/landrada.mx/public_html/bloglandrada/vendor/laravel/framework/src/Illuminate/Routing/Router.php(651): Illuminate\\Routing\\Router->dispatchToRoute()
#33 /home/u142441459/domains/landrada.mx/public_html/bloglandrada/vendor/laravel/framework/src/Illuminate/Foundation/Http/Kernel.php(167): Illuminate\\Routing\\Router->dispatch()
#34 /home/u142441459/domains/landrada.mx/public_html/bloglandrada/vendor/laravel/framework/src/Illuminate/Pipeline/Pipeline.php(128): Illuminate\\Foundation\\Http\\Kernel->Illuminate\\Foundation\\Http\\{closure}()
#35 /home/u142441459/domains/landrada.mx/public_html/bloglandrada/vendor/fideloper/proxy/src/TrustProxies.php(57): Illuminate\\Pipeline\\Pipeline->Illuminate\\Pipeline\\{closure}()
#36 /home/u142441459/domains/landrada.mx/public_html/bloglandrada/vendor/laravel/framework/src/Illuminate/Pipeline/Pipeline.php(167): Fideloper\\Proxy\\TrustProxies->handle()
#37 /home/u142441459/domains/landrada.mx/public_html/bloglandrada/vendor/laravel/framework/src/Illuminate/Foundation/Http/Middleware/TransformsRequest.php(21): Illuminate\\Pipeline\\Pipeline->Illuminate\\Pipeline\\{closure}()
#38 /home/u142441459/domains/landrada.mx/public_html/bloglandrada/vendor/laravel/framework/src/Illuminate/Foundation/Http/Middleware/ConvertEmptyStringsToNull.php(31): Illuminate\\Foundation\\Http\\Middleware\\TransformsRequest->handle()
#39 /home/u142441459/domains/landrada.mx/public_html/bloglandrada/vendor/laravel/framework/src/Illuminate/Pipeline/Pipeline.php(167): Illuminate\\Foundation\\Http\\Middleware\\ConvertEmptyStringsToNull->handle()
#40 /home/u142441459/domains/landrada.mx/public_html/bloglandrada/vendor/laravel/framework/src/Illuminate/Foundation/Http/Middleware/TransformsRequest.php(21): Illuminate\\Pipeline\\Pipeline->Illuminate\\Pipeline\\{closure}()
#41 /home/u142441459/domains/landrada.mx/public_html/bloglandrada/vendor/laravel/framework/src/Illuminate/Foundation/Http/Middleware/TrimStrings.php(40): Illuminate\\Foundation\\Http\\Middleware\\TransformsRequest->handle()
#42 /home/u142441459/domains/landrada.mx/public_html/bloglandrada/vendor/laravel/framework/src/Illuminate/Pipeline/Pipeline.php(167): Illuminate\\Foundation\\Http\\Middleware\\TrimStrings->handle()
#43 /home/u142441459/domains/landrada.mx/public_html/bloglandrada/vendor/laravel/framework/src/Illuminate/Foundation/Http/Middleware/ValidatePostSize.php(27): Illuminate\\Pipeline\\Pipeline->Illuminate\\Pipeline\\{closure}()
#44 /home/u142441459/domains/landrada.mx/public_html/bloglandrada/vendor/laravel/framework/src/Illuminate/Pipeline/Pipeline.php(167): Illuminate\\Foundation\\Http\\Middleware\\ValidatePostSize->handle()
#45 /home/u142441459/domains/landrada.mx/public_html/bloglandrada/vendor/laravel/framework/src/Illuminate/Foundation/Http/Middleware/PreventRequestsDuringMaintenance.php(86): Illuminate\\Pipeline\\Pipeline->Illuminate\\Pipeline\\{closure}()
#46 /home/u142441459/domains/landrada.mx/public_html/bloglandrada/vendor/laravel/framework/src/Illuminate/Pipeline/Pipeline.php(167): Illuminate\\Foundation\\Http\\Middleware\\PreventRequestsDuringMaintenance->handle()
#47 /home/u142441459/domains/landrada.mx/public_html/bloglandrada/vendor/laravel/framework/src/Illuminate/Pipeline/Pipeline.php(103): Illuminate\\Pipeline\\Pipeline->Illuminate\\Pipeline\\{closure}()
#48 /home/u142441459/domains/landrada.mx/public_html/bloglandrada/vendor/laravel/framework/src/Illuminate/Foundation/Http/Kernel.php(142): Illuminate\\Pipeline\\Pipeline->then()
#49 /home/u142441459/domains/landrada.mx/public_html/bloglandrada/vendor/laravel/framework/src/Illuminate/Foundation/Http/Kernel.php(111): Illuminate\\Foundation\\Http\\Kernel->sendRequestThroughRouter()
#50 /home/u142441459/domains/landrada.mx/public_html/bloglandrada/public/index.php(55): Illuminate\\Foundation\\Http\\Kernel->handle()
#51 {main}
"} 
[2022-03-18 16:56:46] local.ERROR: file_put_contents(C:\laragon\www\bloglandrada\storage\framework/sessions/jgYjxEFpbUr1kYiJS5rr3IXBLSXIFLqmiIHNbAxF): Failed to open stream: No such file or directory {"exception":"[object] (ErrorException(code: 0): file_put_contents(C:\\laragon\\www\\bloglandrada\\storage\\framework/sessions/jgYjxEFpbUr1kYiJS5rr3IXBLSXIFLqmiIHNbAxF): Failed to open stream: No such file or directory at /home/u142441459/domains/landrada.mx/public_html/bloglandrada/vendor/laravel/framework/src/Illuminate/Filesystem/Filesystem.php:187)
[stacktrace]
#0 [internal function]: Illuminate\\Foundation\\Bootstrap\\HandleExceptions->handleError()
#1 /home/u142441459/domains/landrada.mx/public_html/bloglandrada/vendor/laravel/framework/src/Illuminate/Filesystem/Filesystem.php(187): file_put_contents()
#2 /home/u142441459/domains/landrada.mx/public_html/bloglandrada/vendor/laravel/framework/src/Illuminate/Session/FileSessionHandler.php(95): Illuminate\\Filesystem\\Filesystem->put()
#3 /home/u142441459/domains/landrada.mx/public_html/bloglandrada/vendor/laravel/framework/src/Illuminate/Session/Store.php(129): Illuminate\\Session\\FileSessionHandler->write()
#4 /home/u142441459/domains/landrada.mx/public_html/bloglandrada/vendor/laravel/framework/src/Illuminate/Session/Middleware/StartSession.php(236): Illuminate\\Session\\Store->save()
#5 /home/u142441459/domains/landrada.mx/public_html/bloglandrada/vendor/laravel/framework/src/Illuminate/Session/Middleware/StartSession.php(130): Illuminate\\Session\\Middleware\\StartSession->saveSession()
#6 /home/u142441459/domains/landrada.mx/public_html/bloglandrada/vendor/laravel/framework/src/Illuminate/Session/Middleware/StartSession.php(64): Illuminate\\Session\\Middleware\\StartSession->handleStatefulRequest()
#7 /home/u142441459/domains/landrada.mx/public_html/bloglandrada/vendor/laravel/framework/src/Illuminate/Pipeline/Pipeline.php(167): Illuminate\\Session\\Middleware\\StartSession->handle()
#8 /home/u142441459/domains/landrada.mx/public_html/bloglandrada/vendor/laravel/framework/src/Illuminate/Cookie/Middleware/AddQueuedCookiesToResponse.php(37): Illuminate\\Pipeline\\Pipeline->Illuminate\\Pipeline\\{closure}()
#9 /home/u142441459/domains/landrada.mx/public_html/bloglandrada/vendor/laravel/framework/src/Illuminate/Pipeline/Pipeline.php(167): Illuminate\\Cookie\\Middleware\\AddQueuedCookiesToResponse->handle()
#10 /home/u142441459/domains/landrada.mx/public_html/bloglandrada/vendor/laravel/framework/src/Illuminate/Cookie/Middleware/EncryptCookies.php(67): Illuminate\\Pipeline\\Pipeline->Illuminate\\Pipeline\\{closure}()
#11 /home/u142441459/domains/landrada.mx/public_html/bloglandrada/vendor/laravel/framework/src/Illuminate/Pipeline/Pipeline.php(167): Illuminate\\Cookie\\Middleware\\EncryptCookies->handle()
#12 /home/u142441459/domains/landrada.mx/public_html/bloglandrada/vendor/laravel/framework/src/Illuminate/Pipeline/Pipeline.php(103): Illuminate\\Pipeline\\Pipeline->Illuminate\\Pipeline\\{closure}()
#13 /home/u142441459/domains/landrada.mx/public_html/bloglandrada/vendor/laravel/framework/src/Illuminate/Routing/Router.php(723): Illuminate\\Pipeline\\Pipeline->then()
#14 /home/u142441459/domains/landrada.mx/public_html/bloglandrada/vendor/laravel/framework/src/Illuminate/Routing/Router.php(698): Illuminate\\Routing\\Router->runRouteWithinStack()
#15 /home/u142441459/domains/landrada.mx/public_html/bloglandrada/vendor/laravel/framework/src/Illuminate/Routing/Router.php(662): Illuminate\\Routing\\Router->runRoute()
#16 /home/u142441459/domains/landrada.mx/public_html/bloglandrada/vendor/laravel/framework/src/Illuminate/Routing/Router.php(651): Illuminate\\Routing\\Router->dispatchToRoute()
#17 /home/u142441459/domains/landrada.mx/public_html/bloglandrada/vendor/laravel/framework/src/Illuminate/Foundation/Http/Kernel.php(167): Illuminate\\Routing\\Router->dispatch()
#18 /home/u142441459/domains/landrada.mx/public_html/bloglandrada/vendor/laravel/framework/src/Illuminate/Pipeline/Pipeline.php(128): Illuminate\\Foundation\\Http\\Kernel->Illuminate\\Foundation\\Http\\{closure}()
#19 /home/u142441459/domains/landrada.mx/public_html/bloglandrada/vendor/fideloper/proxy/src/TrustProxies.php(57): Illuminate\\Pipeline\\Pipeline->Illuminate\\Pipeline\\{closure}()
#20 /home/u142441459/domains/landrada.mx/public_html/bloglandrada/vendor/laravel/framework/src/Illuminate/Pipeline/Pipeline.php(167): Fideloper\\Proxy\\TrustProxies->handle()
#21 /home/u142441459/domains/landrada.mx/public_html/bloglandrada/vendor/laravel/framework/src/Illuminate/Foundation/Http/Middleware/TransformsRequest.php(21): Illuminate\\Pipeline\\Pipeline->Illuminate\\Pipeline\\{closure}()
#22 /home/u142441459/domains/landrada.mx/public_html/bloglandrada/vendor/laravel/framework/src/Illuminate/Foundation/Http/Middleware/ConvertEmptyStringsToNull.php(31): Illuminate\\Foundation\\Http\\Middleware\\TransformsRequest->handle()
#23 /home/u142441459/domains/landrada.mx/public_html/bloglandrada/vendor/laravel/framework/src/Illuminate/Pipeline/Pipeline.php(167): Illuminate\\Foundation\\Http\\Middleware\\ConvertEmptyStringsToNull->handle()
#24 /home/u142441459/domains/landrada.mx/public_html/bloglandrada/vendor/laravel/framework/src/Illuminate/Foundation/Http/Middleware/TransformsRequest.php(21): Illuminate\\Pipeline\\Pipeline->Illuminate\\Pipeline\\{closure}()
#25 /home/u142441459/domains/landrada.mx/public_html/bloglandrada/vendor/laravel/framework/src/Illuminate/Foundation/Http/Middleware/TrimStrings.php(40): Illuminate\\Foundation\\Http\\Middleware\\TransformsRequest->handle()
#26 /home/u142441459/domains/landrada.mx/public_html/bloglandrada/vendor/laravel/framework/src/Illuminate/Pipeline/Pipeline.php(167): Illuminate\\Foundation\\Http\\Middleware\\TrimStrings->handle()
#27 /home/u142441459/domains/landrada.mx/public_html/bloglandrada/vendor/laravel/framework/src/Illuminate/Foundation/Http/Middleware/ValidatePostSize.php(27): Illuminate\\Pipeline\\Pipeline->Illuminate\\Pipeline\\{closure}()
#28 /home/u142441459/domains/landrada.mx/public_html/bloglandrada/vendor/laravel/framework/src/Illuminate/Pipeline/Pipeline.php(167): Illuminate\\Foundation\\Http\\Middleware\\ValidatePostSize->handle()
#29 /home/u142441459/domains/landrada.mx/public_html/bloglandrada/vendor/laravel/framework/src/Illuminate/Foundation/Http/Middleware/PreventRequestsDuringMaintenance.php(86): Illuminate\\Pipeline\\Pipeline->Illuminate\\Pipeline\\{closure}()
#30 /home/u142441459/domains/landrada.mx/public_html/bloglandrada/vendor/laravel/framework/src/Illuminate/Pipeline/Pipeline.php(167): Illuminate\\Foundation\\Http\\Middleware\\PreventRequestsDuringMaintenance->handle()
#31 /home/u142441459/domains/landrada.mx/public_html/bloglandrada/vendor/laravel/framework/src/Illuminate/Pipeline/Pipeline.php(103): Illuminate\\Pipeline\\Pipeline->Illuminate\\Pipeline\\{closure}()
#32 /home/u142441459/domains/landrada.mx/public_html/bloglandrada/vendor/laravel/framework/src/Illuminate/Foundation/Http/Kernel.php(142): Illuminate\\Pipeline\\Pipeline->then()
#33 /home/u142441459/domains/landrada.mx/public_html/bloglandrada/vendor/laravel/framework/src/Illuminate/Foundation/Http/Kernel.php(111): Illuminate\\Foundation\\Http\\Kernel->sendRequestThroughRouter()
#34 /home/u142441459/domains/landrada.mx/public_html/bloglandrada/public/index.php(55): Illuminate\\Foundation\\Http\\Kernel->handle()
#35 {main}
"} 
[2022-03-18 16:57:28] local.ERROR: file_put_contents(C:\laragon\www\bloglandrada\storage\framework/sessions/jgYjxEFpbUr1kYiJS5rr3IXBLSXIFLqmiIHNbAxF): Failed to open stream: No such file or directory {"exception":"[object] (ErrorException(code: 0): file_put_contents(C:\\laragon\\www\\bloglandrada\\storage\\framework/sessions/jgYjxEFpbUr1kYiJS5rr3IXBLSXIFLqmiIHNbAxF): Failed to open stream: No such file or directory at /home/u142441459/domains/landrada.mx/public_html/bloglandrada/vendor/laravel/framework/src/Illuminate/Filesystem/Filesystem.php:187)
[stacktrace]
#0 [internal function]: Illuminate\\Foundation\\Bootstrap\\HandleExceptions->handleError()
#1 /home/u142441459/domains/landrada.mx/public_html/bloglandrada/vendor/laravel/framework/src/Illuminate/Filesystem/Filesystem.php(187): file_put_contents()
#2 /home/u142441459/domains/landrada.mx/public_html/bloglandrada/vendor/laravel/framework/src/Illuminate/Session/FileSessionHandler.php(95): Illuminate\\Filesystem\\Filesystem->put()
#3 /home/u142441459/domains/landrada.mx/public_html/bloglandrada/vendor/laravel/framework/src/Illuminate/Session/Store.php(129): Illuminate\\Session\\FileSessionHandler->write()
#4 /home/u142441459/domains/landrada.mx/public_html/bloglandrada/vendor/laravel/framework/src/Illuminate/Session/Middleware/StartSession.php(236): Illuminate\\Session\\Store->save()
#5 /home/u142441459/domains/landrada.mx/public_html/bloglandrada/vendor/laravel/framework/src/Illuminate/Session/Middleware/StartSession.php(130): Illuminate\\Session\\Middleware\\StartSession->saveSession()
#6 /home/u142441459/domains/landrada.mx/public_html/bloglandrada/vendor/laravel/framework/src/Illuminate/Session/Middleware/StartSession.php(64): Illuminate\\Session\\Middleware\\StartSession->handleStatefulRequest()
#7 /home/u142441459/domains/landrada.mx/public_html/bloglandrada/vendor/laravel/framework/src/Illuminate/Pipeline/Pipeline.php(167): Illuminate\\Session\\Middleware\\StartSession->handle()
#8 /home/u142441459/domains/landrada.mx/public_html/bloglandrada/vendor/laravel/framework/src/Illuminate/Cookie/Middleware/AddQueuedCookiesToResponse.php(37): Illuminate\\Pipeline\\Pipeline->Illuminate\\Pipeline\\{closure}()
#9 /home/u142441459/domains/landrada.mx/public_html/bloglandrada/vendor/laravel/framework/src/Illuminate/Pipeline/Pipeline.php(167): Illuminate\\Cookie\\Middleware\\AddQueuedCookiesToResponse->handle()
#10 /home/u142441459/domains/landrada.mx/public_html/bloglandrada/vendor/laravel/framework/src/Illuminate/Cookie/Middleware/EncryptCookies.php(67): Illuminate\\Pipeline\\Pipeline->Illuminate\\Pipeline\\{closure}()
#11 /home/u142441459/domains/landrada.mx/public_html/bloglandrada/vendor/laravel/framework/src/Illuminate/Pipeline/Pipeline.php(167): Illuminate\\Cookie\\Middleware\\EncryptCookies->handle()
#12 /home/u142441459/domains/landrada.mx/public_html/bloglandrada/vendor/laravel/framework/src/Illuminate/Pipeline/Pipeline.php(103): Illuminate\\Pipeline\\Pipeline->Illuminate\\Pipeline\\{closure}()
#13 /home/u142441459/domains/landrada.mx/public_html/bloglandrada/vendor/laravel/framework/src/Illuminate/Routing/Router.php(723): Illuminate\\Pipeline\\Pipeline->then()
#14 /home/u142441459/domains/landrada.mx/public_html/bloglandrada/vendor/laravel/framework/src/Illuminate/Routing/Router.php(698): Illuminate\\Routing\\Router->runRouteWithinStack()
#15 /home/u142441459/domains/landrada.mx/public_html/bloglandrada/vendor/laravel/framework/src/Illuminate/Routing/Router.php(662): Illuminate\\Routing\\Router->runRoute()
#16 /home/u142441459/domains/landrada.mx/public_html/bloglandrada/vendor/laravel/framework/src/Illuminate/Routing/Router.php(651): Illuminate\\Routing\\Router->dispatchToRoute()
#17 /home/u142441459/domains/landrada.mx/public_html/bloglandrada/vendor/laravel/framework/src/Illuminate/Foundation/Http/Kernel.php(167): Illuminate\\Routing\\Router->dispatch()
#18 /home/u142441459/domains/landrada.mx/public_html/bloglandrada/vendor/laravel/framework/src/Illuminate/Pipeline/Pipeline.php(128): Illuminate\\Foundation\\Http\\Kernel->Illuminate\\Foundation\\Http\\{closure}()
#19 /home/u142441459/domains/landrada.mx/public_html/bloglandrada/vendor/fideloper/proxy/src/TrustProxies.php(57): Illuminate\\Pipeline\\Pipeline->Illuminate\\Pipeline\\{closure}()
#20 /home/u142441459/domains/landrada.mx/public_html/bloglandrada/vendor/laravel/framework/src/Illuminate/Pipeline/Pipeline.php(167): Fideloper\\Proxy\\TrustProxies->handle()
#21 /home/u142441459/domains/landrada.mx/public_html/bloglandrada/vendor/laravel/framework/src/Illuminate/Foundation/Http/Middleware/TransformsRequest.php(21): Illuminate\\Pipeline\\Pipeline->Illuminate\\Pipeline\\{closure}()
#22 /home/u142441459/domains/landrada.mx/public_html/bloglandrada/vendor/laravel/framework/src/Illuminate/Foundation/Http/Middleware/ConvertEmptyStringsToNull.php(31): Illuminate\\Foundation\\Http\\Middleware\\TransformsRequest->handle()
#23 /home/u142441459/domains/landrada.mx/public_html/bloglandrada/vendor/laravel/framework/src/Illuminate/Pipeline/Pipeline.php(167): Illuminate\\Foundation\\Http\\Middleware\\ConvertEmptyStringsToNull->handle()
#24 /home/u142441459/domains/landrada.mx/public_html/bloglandrada/vendor/laravel/framework/src/Illuminate/Foundation/Http/Middleware/TransformsRequest.php(21): Illuminate\\Pipeline\\Pipeline->Illuminate\\Pipeline\\{closure}()
#25 /home/u142441459/domains/landrada.mx/public_html/bloglandrada/vendor/laravel/framework/src/Illuminate/Foundation/Http/Middleware/TrimStrings.php(40): Illuminate\\Foundation\\Http\\Middleware\\TransformsRequest->handle()
#26 /home/u142441459/domains/landrada.mx/public_html/bloglandrada/vendor/laravel/framework/src/Illuminate/Pipeline/Pipeline.php(167): Illuminate\\Foundation\\Http\\Middleware\\TrimStrings->handle()
#27 /home/u142441459/domains/landrada.mx/public_html/bloglandrada/vendor/laravel/framework/src/Illuminate/Foundation/Http/Middleware/ValidatePostSize.php(27): Illuminate\\Pipeline\\Pipeline->Illuminate\\Pipeline\\{closure}()
#28 /home/u142441459/domains/landrada.mx/public_html/bloglandrada/vendor/laravel/framework/src/Illuminate/Pipeline/Pipeline.php(167): Illuminate\\Foundation\\Http\\Middleware\\ValidatePostSize->handle()
#29 /home/u142441459/domains/landrada.mx/public_html/bloglandrada/vendor/laravel/framework/src/Illuminate/Foundation/Http/Middleware/PreventRequestsDuringMaintenance.php(86): Illuminate\\Pipeline\\Pipeline->Illuminate\\Pipeline\\{closure}()
#30 /home/u142441459/domains/landrada.mx/public_html/bloglandrada/vendor/laravel/framework/src/Illuminate/Pipeline/Pipeline.php(167): Illuminate\\Foundation\\Http\\Middleware\\PreventRequestsDuringMaintenance->handle()
#31 /home/u142441459/domains/landrada.mx/public_html/bloglandrada/vendor/laravel/framework/src/Illuminate/Pipeline/Pipeline.php(103): Illuminate\\Pipeline\\Pipeline->Illuminate\\Pipeline\\{closure}()
#32 /home/u142441459/domains/landrada.mx/public_html/bloglandrada/vendor/laravel/framework/src/Illuminate/Foundation/Http/Kernel.php(142): Illuminate\\Pipeline\\Pipeline->then()
#33 /home/u142441459/domains/landrada.mx/public_html/bloglandrada/vendor/laravel/framework/src/Illuminate/Foundation/Http/Kernel.php(111): Illuminate\\Foundation\\Http\\Kernel->sendRequestThroughRouter()
#34 /home/u142441459/domains/landrada.mx/public_html/bloglandrada/public/index.php(55): Illuminate\\Foundation\\Http\\Kernel->handle()
#35 {main}
"} 
[2022-03-18 16:57:55] local.ERROR: file_put_contents(C:\laragon\www\bloglandrada\storage\framework/sessions/jgYjxEFpbUr1kYiJS5rr3IXBLSXIFLqmiIHNbAxF): Failed to open stream: No such file or directory {"exception":"[object] (ErrorException(code: 0): file_put_contents(C:\\laragon\\www\\bloglandrada\\storage\\framework/sessions/jgYjxEFpbUr1kYiJS5rr3IXBLSXIFLqmiIHNbAxF): Failed to open stream: No such file or directory at /home/u142441459/domains/landrada.mx/public_html/bloglandrada/vendor/laravel/framework/src/Illuminate/Filesystem/Filesystem.php:187)
[stacktrace]
#0 [internal function]: Illuminate\\Foundation\\Bootstrap\\HandleExceptions->handleError()
#1 /home/u142441459/domains/landrada.mx/public_html/bloglandrada/vendor/laravel/framework/src/Illuminate/Filesystem/Filesystem.php(187): file_put_contents()
#2 /home/u142441459/domains/landrada.mx/public_html/bloglandrada/vendor/laravel/framework/src/Illuminate/Session/FileSessionHandler.php(95): Illuminate\\Filesystem\\Filesystem->put()
#3 /home/u142441459/domains/landrada.mx/public_html/bloglandrada/vendor/laravel/framework/src/Illuminate/Session/Store.php(129): Illuminate\\Session\\FileSessionHandler->write()
#4 /home/u142441459/domains/landrada.mx/public_html/bloglandrada/vendor/laravel/framework/src/Illuminate/Session/Middleware/StartSession.php(236): Illuminate\\Session\\Store->save()
#5 /home/u142441459/domains/landrada.mx/public_html/bloglandrada/vendor/laravel/framework/src/Illuminate/Session/Middleware/StartSession.php(130): Illuminate\\Session\\Middleware\\StartSession->saveSession()
#6 /home/u142441459/domains/landrada.mx/public_html/bloglandrada/vendor/laravel/framework/src/Illuminate/Session/Middleware/StartSession.php(64): Illuminate\\Session\\Middleware\\StartSession->handleStatefulRequest()
#7 /home/u142441459/domains/landrada.mx/public_html/bloglandrada/vendor/laravel/framework/src/Illuminate/Pipeline/Pipeline.php(167): Illuminate\\Session\\Middleware\\StartSession->handle()
#8 /home/u142441459/domains/landrada.mx/public_html/bloglandrada/vendor/laravel/framework/src/Illuminate/Cookie/Middleware/AddQueuedCookiesToResponse.php(37): Illuminate\\Pipeline\\Pipeline->Illuminate\\Pipeline\\{closure}()
#9 /home/u142441459/domains/landrada.mx/public_html/bloglandrada/vendor/laravel/framework/src/Illuminate/Pipeline/Pipeline.php(167): Illuminate\\Cookie\\Middleware\\AddQueuedCookiesToResponse->handle()
#10 /home/u142441459/domains/landrada.mx/public_html/bloglandrada/vendor/laravel/framework/src/Illuminate/Cookie/Middleware/EncryptCookies.php(67): Illuminate\\Pipeline\\Pipeline->Illuminate\\Pipeline\\{closure}()
#11 /home/u142441459/domains/landrada.mx/public_html/bloglandrada/vendor/laravel/framework/src/Illuminate/Pipeline/Pipeline.php(167): Illuminate\\Cookie\\Middleware\\EncryptCookies->handle()
#12 /home/u142441459/domains/landrada.mx/public_html/bloglandrada/vendor/laravel/framework/src/Illuminate/Pipeline/Pipeline.php(103): Illuminate\\Pipeline\\Pipeline->Illuminate\\Pipeline\\{closure}()
#13 /home/u142441459/domains/landrada.mx/public_html/bloglandrada/vendor/laravel/framework/src/Illuminate/Routing/Router.php(723): Illuminate\\Pipeline\\Pipeline->then()
#14 /home/u142441459/domains/landrada.mx/public_html/bloglandrada/vendor/laravel/framework/src/Illuminate/Routing/Router.php(698): Illuminate\\Routing\\Router->runRouteWithinStack()
#15 /home/u142441459/domains/landrada.mx/public_html/bloglandrada/vendor/laravel/framework/src/Illuminate/Routing/Router.php(662): Illuminate\\Routing\\Router->runRoute()
#16 /home/u142441459/domains/landrada.mx/public_html/bloglandrada/vendor/laravel/framework/src/Illuminate/Routing/Router.php(651): Illuminate\\Routing\\Router->dispatchToRoute()
#17 /home/u142441459/domains/landrada.mx/public_html/bloglandrada/vendor/laravel/framework/src/Illuminate/Foundation/Http/Kernel.php(167): Illuminate\\Routing\\Router->dispatch()
#18 /home/u142441459/domains/landrada.mx/public_html/bloglandrada/vendor/laravel/framework/src/Illuminate/Pipeline/Pipeline.php(128): Illuminate\\Foundation\\Http\\Kernel->Illuminate\\Foundation\\Http\\{closure}()
#19 /home/u142441459/domains/landrada.mx/public_html/bloglandrada/vendor/fideloper/proxy/src/TrustProxies.php(57): Illuminate\\Pipeline\\Pipeline->Illuminate\\Pipeline\\{closure}()
#20 /home/u142441459/domains/landrada.mx/public_html/bloglandrada/vendor/laravel/framework/src/Illuminate/Pipeline/Pipeline.php(167): Fideloper\\Proxy\\TrustProxies->handle()
#21 /home/u142441459/domains/landrada.mx/public_html/bloglandrada/vendor/laravel/framework/src/Illuminate/Foundation/Http/Middleware/TransformsRequest.php(21): Illuminate\\Pipeline\\Pipeline->Illuminate\\Pipeline\\{closure}()
#22 /home/u142441459/domains/landrada.mx/public_html/bloglandrada/vendor/laravel/framework/src/Illuminate/Foundation/Http/Middleware/ConvertEmptyStringsToNull.php(31): Illuminate\\Foundation\\Http\\Middleware\\TransformsRequest->handle()
#23 /home/u142441459/domains/landrada.mx/public_html/bloglandrada/vendor/laravel/framework/src/Illuminate/Pipeline/Pipeline.php(167): Illuminate\\Foundation\\Http\\Middleware\\ConvertEmptyStringsToNull->handle()
#24 /home/u142441459/domains/landrada.mx/public_html/bloglandrada/vendor/laravel/framework/src/Illuminate/Foundation/Http/Middleware/TransformsRequest.php(21): Illuminate\\Pipeline\\Pipeline->Illuminate\\Pipeline\\{closure}()
#25 /home/u142441459/domains/landrada.mx/public_html/bloglandrada/vendor/laravel/framework/src/Illuminate/Foundation/Http/Middleware/TrimStrings.php(40): Illuminate\\Foundation\\Http\\Middleware\\TransformsRequest->handle()
#26 /home/u142441459/domains/landrada.mx/public_html/bloglandrada/vendor/laravel/framework/src/Illuminate/Pipeline/Pipeline.php(167): Illuminate\\Foundation\\Http\\Middleware\\TrimStrings->handle()
#27 /home/u142441459/domains/landrada.mx/public_html/bloglandrada/vendor/laravel/framework/src/Illuminate/Foundation/Http/Middleware/ValidatePostSize.php(27): Illuminate\\Pipeline\\Pipeline->Illuminate\\Pipeline\\{closure}()
#28 /home/u142441459/domains/landrada.mx/public_html/bloglandrada/vendor/laravel/framework/src/Illuminate/Pipeline/Pipeline.php(167): Illuminate\\Foundation\\Http\\Middleware\\ValidatePostSize->handle()
#29 /home/u142441459/domains/landrada.mx/public_html/bloglandrada/vendor/laravel/framework/src/Illuminate/Foundation/Http/Middleware/PreventRequestsDuringMaintenance.php(86): Illuminate\\Pipeline\\Pipeline->Illuminate\\Pipeline\\{closure}()
#30 /home/u142441459/domains/landrada.mx/public_html/bloglandrada/vendor/laravel/framework/src/Illuminate/Pipeline/Pipeline.php(167): Illuminate\\Foundation\\Http\\Middleware\\PreventRequestsDuringMaintenance->handle()
#31 /home/u142441459/domains/landrada.mx/public_html/bloglandrada/vendor/laravel/framework/src/Illuminate/Pipeline/Pipeline.php(103): Illuminate\\Pipeline\\Pipeline->Illuminate\\Pipeline\\{closure}()
#32 /home/u142441459/domains/landrada.mx/public_html/bloglandrada/vendor/laravel/framework/src/Illuminate/Foundation/Http/Kernel.php(142): Illuminate\\Pipeline\\Pipeline->then()
#33 /home/u142441459/domains/landrada.mx/public_html/bloglandrada/vendor/laravel/framework/src/Illuminate/Foundation/Http/Kernel.php(111): Illuminate\\Foundation\\Http\\Kernel->sendRequestThroughRouter()
#34 /home/u142441459/domains/landrada.mx/public_html/bloglandrada/public/index.php(55): Illuminate\\Foundation\\Http\\Kernel->handle()
#35 {main}
"} 
[2022-03-18 16:58:38] local.ERROR: SQLSTATE[HY000] [1045] Access denied for user 'root'@'127.0.0.1' (using password: NO) (SQL: select * from `categories` where (select count(*) from `articles` where `categories`.`id` = `articles`.`category_id` and `articles`.`deleted_at` is null) > 0 limit 8) {"exception":"[object] (Illuminate\\Database\\QueryException(code: 1045): SQLSTATE[HY000] [1045] Access denied for user 'root'@'127.0.0.1' (using password: NO) (SQL: select * from `categories` where (select count(*) from `articles` where `categories`.`id` = `articles`.`category_id` and `articles`.`deleted_at` is null) > 0 limit 8) at /home/u142441459/domains/landrada.mx/public_html/bloglandrada/vendor/laravel/framework/src/Illuminate/Database/Connection.php:712)
[stacktrace]
#0 /home/u142441459/domains/landrada.mx/public_html/bloglandrada/vendor/laravel/framework/src/Illuminate/Database/Connection.php(672): Illuminate\\Database\\Connection->runQueryCallback()
#1 /home/u142441459/domains/landrada.mx/public_html/bloglandrada/vendor/laravel/framework/src/Illuminate/Database/Connection.php(376): Illuminate\\Database\\Connection->run()
#2 /home/u142441459/domains/landrada.mx/public_html/bloglandrada/vendor/laravel/framework/src/Illuminate/Database/Query/Builder.php(2414): Illuminate\\Database\\Connection->select()
#3 /home/u142441459/domains/landrada.mx/public_html/bloglandrada/vendor/laravel/framework/src/Illuminate/Database/Query/Builder.php(2402): Illuminate\\Database\\Query\\Builder->runSelect()
#4 /home/u142441459/domains/landrada.mx/public_html/bloglandrada/vendor/laravel/framework/src/Illuminate/Database/Query/Builder.php(2936): Illuminate\\Database\\Query\\Builder->Illuminate\\Database\\Query\\{closure}()
#5 /home/u142441459/domains/landrada.mx/public_html/bloglandrada/vendor/laravel/framework/src/Illuminate/Database/Query/Builder.php(2403): Illuminate\\Database\\Query\\Builder->onceWithColumns()
#6 /home/u142441459/domains/landrada.mx/public_html/bloglandrada/vendor/laravel/framework/src/Illuminate/Database/Eloquent/Builder.php(625): Illuminate\\Database\\Query\\Builder->get()
#7 /home/u142441459/domains/landrada.mx/public_html/bloglandrada/vendor/laravel/framework/src/Illuminate/Database/Eloquent/Builder.php(609): Illuminate\\Database\\Eloquent\\Builder->getModels()
#8 /home/u142441459/domains/landrada.mx/public_html/bloglandrada/app/Http/Controllers/Blog/BlogController.php(14): Illuminate\\Database\\Eloquent\\Builder->get()
#9 [internal function]: App\\Http\\Controllers\\Blog\\BlogController->__construct()
#10 /home/u142441459/domains/landrada.mx/public_html/bloglandrada/vendor/laravel/framework/src/Illuminate/Container/Container.php(917): ReflectionClass->newInstanceArgs()
#11 /home/u142441459/domains/landrada.mx/public_html/bloglandrada/vendor/laravel/framework/src/Illuminate/Container/Container.php(758): Illuminate\\Container\\Container->build()
#12 /home/u142441459/domains/landrada.mx/public_html/bloglandrada/vendor/laravel/framework/src/Illuminate/Foundation/Application.php(851): Illuminate\\Container\\Container->resolve()
#13 /home/u142441459/domains/landrada.mx/public_html/bloglandrada/vendor/laravel/framework/src/Illuminate/Container/Container.php(694): Illuminate\\Foundation\\Application->resolve()
#14 /home/u142441459/domains/landrada.mx/public_html/bloglandrada/vendor/laravel/framework/src/Illuminate/Foundation/Application.php(836): Illuminate\\Container\\Container->make()
#15 /home/u142441459/domains/landrada.mx/public_html/bloglandrada/vendor/laravel/framework/src/Illuminate/Routing/Route.php(276): Illuminate\\Foundation\\Application->make()
#16 /home/u142441459/domains/landrada.mx/public_html/bloglandrada/vendor/laravel/framework/src/Illuminate/Routing/Route.php(1069): Illuminate\\Routing\\Route->getController()
#17 /home/u142441459/domains/landrada.mx/public_html/bloglandrada/vendor/laravel/framework/src/Illuminate/Routing/Route.php(1012): Illuminate\\Routing\\Route->controllerMiddleware()
#18 /home/u142441459/domains/landrada.mx/public_html/bloglandrada/vendor/laravel/framework/src/Illuminate/Routing/Router.php(734): Illuminate\\Routing\\Route->gatherMiddleware()
#19 /home/u142441459/domains/landrada.mx/public_html/bloglandrada/vendor/laravel/framework/src/Illuminate/Routing/Router.php(714): Illuminate\\Routing\\Router->gatherRouteMiddleware()
#20 /home/u142441459/domains/landrada.mx/public_html/bloglandrada/vendor/laravel/framework/src/Illuminate/Routing/Router.php(698): Illuminate\\Routing\\Router->runRouteWithinStack()
#21 /home/u142441459/domains/landrada.mx/public_html/bloglandrada/vendor/laravel/framework/src/Illuminate/Routing/Router.php(662): Illuminate\\Routing\\Router->runRoute()
#22 /home/u142441459/domains/landrada.mx/public_html/bloglandrada/vendor/laravel/framework/src/Illuminate/Routing/Router.php(651): Illuminate\\Routing\\Router->dispatchToRoute()
#23 /home/u142441459/domains/landrada.mx/public_html/bloglandrada/vendor/laravel/framework/src/Illuminate/Foundation/Http/Kernel.php(167): Illuminate\\Routing\\Router->dispatch()
#24 /home/u142441459/domains/landrada.mx/public_html/bloglandrada/vendor/laravel/framework/src/Illuminate/Pipeline/Pipeline.php(128): Illuminate\\Foundation\\Http\\Kernel->Illuminate\\Foundation\\Http\\{closure}()
#25 /home/u142441459/domains/landrada.mx/public_html/bloglandrada/vendor/fideloper/proxy/src/TrustProxies.php(57): Illuminate\\Pipeline\\Pipeline->Illuminate\\Pipeline\\{closure}()
#26 /home/u142441459/domains/landrada.mx/public_html/bloglandrada/vendor/laravel/framework/src/Illuminate/Pipeline/Pipeline.php(167): Fideloper\\Proxy\\TrustProxies->handle()
#27 /home/u142441459/domains/landrada.mx/public_html/bloglandrada/vendor/laravel/framework/src/Illuminate/Foundation/Http/Middleware/TransformsRequest.php(21): Illuminate\\Pipeline\\Pipeline->Illuminate\\Pipeline\\{closure}()
#28 /home/u142441459/domains/landrada.mx/public_html/bloglandrada/vendor/laravel/framework/src/Illuminate/Foundation/Http/Middleware/ConvertEmptyStringsToNull.php(31): Illuminate\\Foundation\\Http\\Middleware\\TransformsRequest->handle()
#29 /home/u142441459/domains/landrada.mx/public_html/bloglandrada/vendor/laravel/framework/src/Illuminate/Pipeline/Pipeline.php(167): Illuminate\\Foundation\\Http\\Middleware\\ConvertEmptyStringsToNull->handle()
#30 /home/u142441459/domains/landrada.mx/public_html/bloglandrada/vendor/laravel/framework/src/Illuminate/Foundation/Http/Middleware/TransformsRequest.php(21): Illuminate\\Pipeline\\Pipeline->Illuminate\\Pipeline\\{closure}()
#31 /home/u142441459/domains/landrada.mx/public_html/bloglandrada/vendor/laravel/framework/src/Illuminate/Foundation/Http/Middleware/TrimStrings.php(40): Illuminate\\Foundation\\Http\\Middleware\\TransformsRequest->handle()
#32 /home/u142441459/domains/landrada.mx/public_html/bloglandrada/vendor/laravel/framework/src/Illuminate/Pipeline/Pipeline.php(167): Illuminate\\Foundation\\Http\\Middleware\\TrimStrings->handle()
#33 /home/u142441459/domains/landrada.mx/public_html/bloglandrada/vendor/laravel/framework/src/Illuminate/Foundation/Http/Middleware/ValidatePostSize.php(27): Illuminate\\Pipeline\\Pipeline->Illuminate\\Pipeline\\{closure}()
#34 /home/u142441459/domains/landrada.mx/public_html/bloglandrada/vendor/laravel/framework/src/Illuminate/Pipeline/Pipeline.php(167): Illuminate\\Foundation\\Http\\Middleware\\ValidatePostSize->handle()
#35 /home/u142441459/domains/landrada.mx/public_html/bloglandrada/vendor/laravel/framework/src/Illuminate/Foundation/Http/Middleware/PreventRequestsDuringMaintenance.php(86): Illuminate\\Pipeline\\Pipeline->Illuminate\\Pipeline\\{closure}()
#36 /home/u142441459/domains/landrada.mx/public_html/bloglandrada/vendor/laravel/framework/src/Illuminate/Pipeline/Pipeline.php(167): Illuminate\\Foundation\\Http\\Middleware\\PreventRequestsDuringMaintenance->handle()
#37 /home/u142441459/domains/landrada.mx/public_html/bloglandrada/vendor/laravel/framework/src/Illuminate/Pipeline/Pipeline.php(103): Illuminate\\Pipeline\\Pipeline->Illuminate\\Pipeline\\{closure}()
#38 /home/u142441459/domains/landrada.mx/public_html/bloglandrada/vendor/laravel/framework/src/Illuminate/Foundation/Http/Kernel.php(142): Illuminate\\Pipeline\\Pipeline->then()
#39 /home/u142441459/domains/landrada.mx/public_html/bloglandrada/vendor/laravel/framework/src/Illuminate/Foundation/Http/Kernel.php(111): Illuminate\\Foundation\\Http\\Kernel->sendRequestThroughRouter()
#40 /home/u142441459/domains/landrada.mx/public_html/bloglandrada/public/index.php(55): Illuminate\\Foundation\\Http\\Kernel->handle()
#41 {main}

[previous exception] [object] (PDOException(code: 1045): SQLSTATE[HY000] [1045] Access denied for user 'root'@'127.0.0.1' (using password: NO) at /home/u142441459/domains/landrada.mx/public_html/bloglandrada/vendor/laravel/framework/src/Illuminate/Database/Connectors/Connector.php:70)
[stacktrace]
#0 /home/u142441459/domains/landrada.mx/public_html/bloglandrada/vendor/laravel/framework/src/Illuminate/Database/Connectors/Connector.php(70): PDO->__construct()
#1 /home/u142441459/domains/landrada.mx/public_html/bloglandrada/vendor/laravel/framework/src/Illuminate/Database/Connectors/Connector.php(46): Illuminate\\Database\\Connectors\\Connector->createPdoConnection()
#2 /home/u142441459/domains/landrada.mx/public_html/bloglandrada/vendor/laravel/framework/src/Illuminate/Database/Connectors/MySqlConnector.php(24): Illuminate\\Database\\Connectors\\Connector->createConnection()
#3 /home/u142441459/domains/landrada.mx/public_html/bloglandrada/vendor/laravel/framework/src/Illuminate/Database/Connectors/ConnectionFactory.php(184): Illuminate\\Database\\Connectors\\MySqlConnector->connect()
#4 [internal function]: Illuminate\\Database\\Connectors\\ConnectionFactory->Illuminate\\Database\\Connectors\\{closure}()
#5 /home/u142441459/domains/landrada.mx/public_html/bloglandrada/vendor/laravel/framework/src/Illuminate/Database/Connection.php(1062): call_user_func()
#6 /home/u142441459/domains/landrada.mx/public_html/bloglandrada/vendor/laravel/framework/src/Illuminate/Database/Connection.php(1098): Illuminate\\Database\\Connection->getPdo()
#7 /home/u142441459/domains/landrada.mx/public_html/bloglandrada/vendor/laravel/framework/src/Illuminate/Database/Connection.php(442): Illuminate\\Database\\Connection->getReadPdo()
#8 /home/u142441459/domains/landrada.mx/public_html/bloglandrada/vendor/laravel/framework/src/Illuminate/Database/Connection.php(368): Illuminate\\Database\\Connection->getPdoForSelect()
#9 /home/u142441459/domains/landrada.mx/public_html/bloglandrada/vendor/laravel/framework/src/Illuminate/Database/Connection.php(705): Illuminate\\Database\\Connection->Illuminate\\Database\\{closure}()
#10 /home/u142441459/domains/landrada.mx/public_html/bloglandrada/vendor/laravel/framework/src/Illuminate/Database/Connection.php(672): Illuminate\\Database\\Connection->runQueryCallback()
#11 /home/u142441459/domains/landrada.mx/public_html/bloglandrada/vendor/laravel/framework/src/Illuminate/Database/Connection.php(376): Illuminate\\Database\\Connection->run()
#12 /home/u142441459/domains/landrada.mx/public_html/bloglandrada/vendor/laravel/framework/src/Illuminate/Database/Query/Builder.php(2414): Illuminate\\Database\\Connection->select()
#13 /home/u142441459/domains/landrada.mx/public_html/bloglandrada/vendor/laravel/framework/src/Illuminate/Database/Query/Builder.php(2402): Illuminate\\Database\\Query\\Builder->runSelect()
#14 /home/u142441459/domains/landrada.mx/public_html/bloglandrada/vendor/laravel/framework/src/Illuminate/Database/Query/Builder.php(2936): Illuminate\\Database\\Query\\Builder->Illuminate\\Database\\Query\\{closure}()
#15 /home/u142441459/domains/landrada.mx/public_html/bloglandrada/vendor/laravel/framework/src/Illuminate/Database/Query/Builder.php(2403): Illuminate\\Database\\Query\\Builder->onceWithColumns()
#16 /home/u142441459/domains/landrada.mx/public_html/bloglandrada/vendor/laravel/framework/src/Illuminate/Database/Eloquent/Builder.php(625): Illuminate\\Database\\Query\\Builder->get()
#17 /home/u142441459/domains/landrada.mx/public_html/bloglandrada/vendor/laravel/framework/src/Illuminate/Database/Eloquent/Builder.php(609): Illuminate\\Database\\Eloquent\\Builder->getModels()
#18 /home/u142441459/domains/landrada.mx/public_html/bloglandrada/app/Http/Controllers/Blog/BlogController.php(14): Illuminate\\Database\\Eloquent\\Builder->get()
#19 [internal function]: App\\Http\\Controllers\\Blog\\BlogController->__construct()
#20 /home/u142441459/domains/landrada.mx/public_html/bloglandrada/vendor/laravel/framework/src/Illuminate/Container/Container.php(917): ReflectionClass->newInstanceArgs()
#21 /home/u142441459/domains/landrada.mx/public_html/bloglandrada/vendor/laravel/framework/src/Illuminate/Container/Container.php(758): Illuminate\\Container\\Container->build()
#22 /home/u142441459/domains/landrada.mx/public_html/bloglandrada/vendor/laravel/framework/src/Illuminate/Foundation/Application.php(851): Illuminate\\Container\\Container->resolve()
#23 /home/u142441459/domains/landrada.mx/public_html/bloglandrada/vendor/laravel/framework/src/Illuminate/Container/Container.php(694): Illuminate\\Foundation\\Application->resolve()
#24 /home/u142441459/domains/landrada.mx/public_html/bloglandrada/vendor/laravel/framework/src/Illuminate/Foundation/Application.php(836): Illuminate\\Container\\Container->make()
#25 /home/u142441459/domains/landrada.mx/public_html/bloglandrada/vendor/laravel/framework/src/Illuminate/Routing/Route.php(276): Illuminate\\Foundation\\Application->make()
#26 /home/u142441459/domains/landrada.mx/public_html/bloglandrada/vendor/laravel/framework/src/Illuminate/Routing/Route.php(1069): Illuminate\\Routing\\Route->getController()
#27 /home/u142441459/domains/landrada.mx/public_html/bloglandrada/vendor/laravel/framework/src/Illuminate/Routing/Route.php(1012): Illuminate\\Routing\\Route->controllerMiddleware()
#28 /home/u142441459/domains/landrada.mx/public_html/bloglandrada/vendor/laravel/framework/src/Illuminate/Routing/Router.php(734): Illuminate\\Routing\\Route->gatherMiddleware()
#29 /home/u142441459/domains/landrada.mx/public_html/bloglandrada/vendor/laravel/framework/src/Illuminate/Routing/Router.php(714): Illuminate\\Routing\\Router->gatherRouteMiddleware()
#30 /home/u142441459/domains/landrada.mx/public_html/bloglandrada/vendor/laravel/framework/src/Illuminate/Routing/Router.php(698): Illuminate\\Routing\\Router->runRouteWithinStack()
#31 /home/u142441459/domains/landrada.mx/public_html/bloglandrada/vendor/laravel/framework/src/Illuminate/Routing/Router.php(662): Illuminate\\Routing\\Router->runRoute()
#32 /home/u142441459/domains/landrada.mx/public_html/bloglandrada/vendor/laravel/framework/src/Illuminate/Routing/Router.php(651): Illuminate\\Routing\\Router->dispatchToRoute()
#33 /home/u142441459/domains/landrada.mx/public_html/bloglandrada/vendor/laravel/framework/src/Illuminate/Foundation/Http/Kernel.php(167): Illuminate\\Routing\\Router->dispatch()
#34 /home/u142441459/domains/landrada.mx/public_html/bloglandrada/vendor/laravel/framework/src/Illuminate/Pipeline/Pipeline.php(128): Illuminate\\Foundation\\Http\\Kernel->Illuminate\\Foundation\\Http\\{closure}()
#35 /home/u142441459/domains/landrada.mx/public_html/bloglandrada/vendor/fideloper/proxy/src/TrustProxies.php(57): Illuminate\\Pipeline\\Pipeline->Illuminate\\Pipeline\\{closure}()
#36 /home/u142441459/domains/landrada.mx/public_html/bloglandrada/vendor/laravel/framework/src/Illuminate/Pipeline/Pipeline.php(167): Fideloper\\Proxy\\TrustProxies->handle()
#37 /home/u142441459/domains/landrada.mx/public_html/bloglandrada/vendor/laravel/framework/src/Illuminate/Foundation/Http/Middleware/TransformsRequest.php(21): Illuminate\\Pipeline\\Pipeline->Illuminate\\Pipeline\\{closure}()
#38 /home/u142441459/domains/landrada.mx/public_html/bloglandrada/vendor/laravel/framework/src/Illuminate/Foundation/Http/Middleware/ConvertEmptyStringsToNull.php(31): Illuminate\\Foundation\\Http\\Middleware\\TransformsRequest->handle()
#39 /home/u142441459/domains/landrada.mx/public_html/bloglandrada/vendor/laravel/framework/src/Illuminate/Pipeline/Pipeline.php(167): Illuminate\\Foundation\\Http\\Middleware\\ConvertEmptyStringsToNull->handle()
#40 /home/u142441459/domains/landrada.mx/public_html/bloglandrada/vendor/laravel/framework/src/Illuminate/Foundation/Http/Middleware/TransformsRequest.php(21): Illuminate\\Pipeline\\Pipeline->Illuminate\\Pipeline\\{closure}()
#41 /home/u142441459/domains/landrada.mx/public_html/bloglandrada/vendor/laravel/framework/src/Illuminate/Foundation/Http/Middleware/TrimStrings.php(40): Illuminate\\Foundation\\Http\\Middleware\\TransformsRequest->handle()
#42 /home/u142441459/domains/landrada.mx/public_html/bloglandrada/vendor/laravel/framework/src/Illuminate/Pipeline/Pipeline.php(167): Illuminate\\Foundation\\Http\\Middleware\\TrimStrings->handle()
#43 /home/u142441459/domains/landrada.mx/public_html/bloglandrada/vendor/laravel/framework/src/Illuminate/Foundation/Http/Middleware/ValidatePostSize.php(27): Illuminate\\Pipeline\\Pipeline->Illuminate\\Pipeline\\{closure}()
#44 /home/u142441459/domains/landrada.mx/public_html/bloglandrada/vendor/laravel/framework/src/Illuminate/Pipeline/Pipeline.php(167): Illuminate\\Foundation\\Http\\Middleware\\ValidatePostSize->handle()
#45 /home/u142441459/domains/landrada.mx/public_html/bloglandrada/vendor/laravel/framework/src/Illuminate/Foundation/Http/Middleware/PreventRequestsDuringMaintenance.php(86): Illuminate\\Pipeline\\Pipeline->Illuminate\\Pipeline\\{closure}()
#46 /home/u142441459/domains/landrada.mx/public_html/bloglandrada/vendor/laravel/framework/src/Illuminate/Pipeline/Pipeline.php(167): Illuminate\\Foundation\\Http\\Middleware\\PreventRequestsDuringMaintenance->handle()
#47 /home/u142441459/domains/landrada.mx/public_html/bloglandrada/vendor/laravel/framework/src/Illuminate/Pipeline/Pipeline.php(103): Illuminate\\Pipeline\\Pipeline->Illuminate\\Pipeline\\{closure}()
#48 /home/u142441459/domains/landrada.mx/public_html/bloglandrada/vendor/laravel/framework/src/Illuminate/Foundation/Http/Kernel.php(142): Illuminate\\Pipeline\\Pipeline->then()
#49 /home/u142441459/domains/landrada.mx/public_html/bloglandrada/vendor/laravel/framework/src/Illuminate/Foundation/Http/Kernel.php(111): Illuminate\\Foundation\\Http\\Kernel->sendRequestThroughRouter()
#50 /home/u142441459/domains/landrada.mx/public_html/bloglandrada/public/index.php(55): Illuminate\\Foundation\\Http\\Kernel->handle()
#51 {main}
"} 
